1740930841.205442 - Machine 2: Started with clock speed 4	Message Queue Length: 0
1740930841.460552 - Machine 2: Internal event, Clock: 1	Message Queue Length: 0
1740930841.71589 - Machine 2: Received message from 1, Clock: 2	Message Queue Length: 0
1740930841.9699788 - Machine 2: Internal event, Clock: 3	Message Queue Length: 0
1740930842.222626 - Machine 2: Received message from 1, Clock: 4	Message Queue Length: 0
1740930842.475401 - Machine 2: Internal event, Clock: 5	Message Queue Length: 0
1740930842.730356 - Machine 2: Internal event, Clock: 6	Message Queue Length: 0
1740930842.985465 - Machine 2: Internal event, Clock: 7	Message Queue Length: 0
1740930843.240341 - Machine 2: Internal event, Clock: 8	Message Queue Length: 0
1740930843.49298 - Machine 2: Internal event, Clock: 9	Message Queue Length: 0
1740930843.747614 - Machine 2: Sent message to 1, Clock: 10	Message Queue Length: 0
1740930843.999778 - Machine 2: Internal event, Clock: 11	Message Queue Length: 0
1740930844.251868 - Machine 2: Received message from 0, Clock: 12	Message Queue Length: 0
1740930844.503245 - Machine 2: Sent message to 1, Clock: 13	Message Queue Length: 0
1740930844.756376 - Machine 2: Broadcasted message, Clock: 14	Message Queue Length: 0
1740930845.010396 - Machine 2: Internal event, Clock: 15	Message Queue Length: 0
1740930845.264433 - Machine 2: Internal event, Clock: 16	Message Queue Length: 0
1740930845.519648 - Machine 2: Sent message to 1, Clock: 17	Message Queue Length: 0
1740930845.775031 - Machine 2: Sent message to 0, Clock: 18	Message Queue Length: 0
1740930846.032419 - Machine 2: Internal event, Clock: 19	Message Queue Length: 0
1740930846.283196 - Machine 2: Received message from 1, Clock: 20	Message Queue Length: 0
1740930846.5342348 - Machine 2: Internal event, Clock: 21	Message Queue Length: 0
1740930846.789422 - Machine 2: Internal event, Clock: 22	Message Queue Length: 0
1740930847.044714 - Machine 2: Internal event, Clock: 23	Message Queue Length: 0
1740930847.2957492 - Machine 2: Received message from 1, Clock: 24	Message Queue Length: 0
1740930847.54861 - Machine 2: Received message from 1, Clock: 25	Message Queue Length: 0
1740930847.804476 - Machine 2: Sent message to 1, Clock: 26	Message Queue Length: 0
1740930848.058385 - Machine 2: Sent message to 0, Clock: 27	Message Queue Length: 0
1740930848.3134289 - Machine 2: Internal event, Clock: 28	Message Queue Length: 0
1740930848.567708 - Machine 2: Internal event, Clock: 29	Message Queue Length: 0
1740930848.8198779 - Machine 2: Internal event, Clock: 30	Message Queue Length: 0
1740930849.073206 - Machine 2: Received message from 1, Clock: 31	Message Queue Length: 0
1740930849.328525 - Machine 2: Received message from 1, Clock: 32	Message Queue Length: 0
1740930849.580252 - Machine 2: Internal event, Clock: 33	Message Queue Length: 0
1740930849.834712 - Machine 2: Broadcasted message, Clock: 34	Message Queue Length: 0
1740930850.089783 - Machine 2: Internal event, Clock: 35	Message Queue Length: 0
1740930850.3403342 - Machine 2: Internal event, Clock: 36	Message Queue Length: 0
1740930850.59846 - Machine 2: Internal event, Clock: 37	Message Queue Length: 0
1740930850.849314 - Machine 2: Internal event, Clock: 38	Message Queue Length: 0
1740930851.1042402 - Machine 2: Received message from 1, Clock: 39	Message Queue Length: 0
1740930851.355315 - Machine 2: Internal event, Clock: 40	Message Queue Length: 0
1740930851.610131 - Machine 2: Received message from 1, Clock: 41	Message Queue Length: 0
1740930851.865293 - Machine 2: Internal event, Clock: 42	Message Queue Length: 0
1740930852.118539 - Machine 2: Broadcasted message, Clock: 43	Message Queue Length: 0
1740930852.369057 - Machine 2: Internal event, Clock: 44	Message Queue Length: 0
1740930852.624216 - Machine 2: Internal event, Clock: 45	Message Queue Length: 0
1740930852.878679 - Machine 2: Internal event, Clock: 46	Message Queue Length: 0
1740930853.130496 - Machine 2: Sent message to 0, Clock: 47	Message Queue Length: 0
1740930853.382122 - Machine 2: Internal event, Clock: 48	Message Queue Length: 0
1740930853.6370401 - Machine 2: Internal event, Clock: 49	Message Queue Length: 0
1740930853.889486 - Machine 2: Internal event, Clock: 50	Message Queue Length: 0
1740930854.140295 - Machine 2: Sent message to 0, Clock: 51	Message Queue Length: 0
1740930854.395605 - Machine 2: Internal event, Clock: 52	Message Queue Length: 0
1740930854.64992 - Machine 2: Internal event, Clock: 53	Message Queue Length: 0
1740930854.903185 - Machine 2: Internal event, Clock: 54	Message Queue Length: 0
1740930855.158934 - Machine 2: Broadcasted message, Clock: 55	Message Queue Length: 0
1740930855.414068 - Machine 2: Internal event, Clock: 56	Message Queue Length: 0
1740930855.669982 - Machine 2: Received message from 1, Clock: 57	Message Queue Length: 0
1740930855.92172 - Machine 2: Sent message to 1, Clock: 58	Message Queue Length: 0
1740930856.173965 - Machine 2: Internal event, Clock: 59	Message Queue Length: 0
1740930856.429754 - Machine 2: Internal event, Clock: 60	Message Queue Length: 0
1740930856.683628 - Machine 2: Internal event, Clock: 61	Message Queue Length: 0
1740930856.93412 - Machine 2: Received message from 1, Clock: 62	Message Queue Length: 0
1740930857.187165 - Machine 2: Internal event, Clock: 63	Message Queue Length: 0
1740930857.442605 - Machine 2: Sent message to 0, Clock: 64	Message Queue Length: 0
1740930857.696743 - Machine 2: Internal event, Clock: 65	Message Queue Length: 0
1740930857.9476821 - Machine 2: Received message from 1, Clock: 66	Message Queue Length: 0
1740930858.198667 - Machine 2: Received message from 1, Clock: 67	Message Queue Length: 0
1740930858.448993 - Machine 2: Internal event, Clock: 68	Message Queue Length: 0
1740930858.703328 - Machine 2: Internal event, Clock: 69	Message Queue Length: 0
1740930858.958268 - Machine 2: Internal event, Clock: 70	Message Queue Length: 0
1740930859.209205 - Machine 2: Internal event, Clock: 71	Message Queue Length: 0
1740930859.464989 - Machine 2: Sent message to 0, Clock: 72	Message Queue Length: 0
1740930859.718505 - Machine 2: Internal event, Clock: 73	Message Queue Length: 0
1740930859.973661 - Machine 2: Internal event, Clock: 74	Message Queue Length: 0
1740930860.228829 - Machine 2: Received message from 1, Clock: 75	Message Queue Length: 0
1740930860.484687 - Machine 2: Internal event, Clock: 76	Message Queue Length: 0
1740930860.736514 - Machine 2: Internal event, Clock: 77	Message Queue Length: 0
1740930860.9950552 - Machine 2: Received message from 1, Clock: 78	Message Queue Length: 0
1740930861.249815 - Machine 2: Sent message to 0, Clock: 79	Message Queue Length: 0
1740930861.505036 - Machine 2: Internal event, Clock: 80	Message Queue Length: 0
1740930861.7592452 - Machine 2: Internal event, Clock: 81	Message Queue Length: 0
1740930862.0107572 - Machine 2: Internal event, Clock: 82	Message Queue Length: 0
1740930862.264724 - Machine 2: Received message from 1, Clock: 83	Message Queue Length: 0
1740930862.516263 - Machine 2: Received message from 1, Clock: 84	Message Queue Length: 0
1740930862.772395 - Machine 2: Sent message to 0, Clock: 85	Message Queue Length: 0
1740930863.0276868 - Machine 2: Received message from 1, Clock: 86	Message Queue Length: 0
1740930863.277896 - Machine 2: Internal event, Clock: 87	Message Queue Length: 0
1740930863.530654 - Machine 2: Broadcasted message, Clock: 88	Message Queue Length: 0
1740930863.782346 - Machine 2: Sent message to 1, Clock: 89	Message Queue Length: 0
1740930864.034063 - Machine 2: Sent message to 1, Clock: 90	Message Queue Length: 0
1740930864.289484 - Machine 2: Sent message to 1, Clock: 91	Message Queue Length: 0
1740930864.564338 - Machine 2: Sent message to 0, Clock: 92	Message Queue Length: 0
1740930864.8184462 - Machine 2: Internal event, Clock: 93	Message Queue Length: 0
1740930865.0688782 - Machine 2: Received message from 1, Clock: 94	Message Queue Length: 0
1740930865.322113 - Machine 2: Received message from 1, Clock: 95	Message Queue Length: 0
1740930865.576014 - Machine 2: Broadcasted message, Clock: 96	Message Queue Length: 0
1740930865.830564 - Machine 2: Internal event, Clock: 97	Message Queue Length: 0
1740930866.082177 - Machine 2: Internal event, Clock: 98	Message Queue Length: 0
1740930866.33686 - Machine 2: Internal event, Clock: 99	Message Queue Length: 0
1740930866.5907269 - Machine 2: Internal event, Clock: 100	Message Queue Length: 0
1740930866.845749 - Machine 2: Received message from 1, Clock: 101	Message Queue Length: 0
1740930867.096701 - Machine 2: Internal event, Clock: 102	Message Queue Length: 0
1740930867.350285 - Machine 2: Broadcasted message, Clock: 103	Message Queue Length: 0
1740930867.6054301 - Machine 2: Internal event, Clock: 104	Message Queue Length: 0
1740930867.8605042 - Machine 2: Internal event, Clock: 105	Message Queue Length: 0
1740930868.110796 - Machine 2: Internal event, Clock: 106	Message Queue Length: 0
1740930868.3628988 - Machine 2: Sent message to 0, Clock: 107	Message Queue Length: 0
1740930868.618685 - Machine 2: Sent message to 0, Clock: 108	Message Queue Length: 0
1740930868.869024 - Machine 2: Internal event, Clock: 109	Message Queue Length: 0
1740930869.123529 - Machine 2: Received message from 1, Clock: 110	Message Queue Length: 0
1740930869.3786082 - Machine 2: Received message from 1, Clock: 111	Message Queue Length: 0
1740930869.6311119 - Machine 2: Internal event, Clock: 112	Message Queue Length: 0
1740930869.882098 - Machine 2: Internal event, Clock: 113	Message Queue Length: 0
1740930870.134169 - Machine 2: Broadcasted message, Clock: 114	Message Queue Length: 0
1740930870.389756 - Machine 2: Broadcasted message, Clock: 115	Message Queue Length: 0
1740930870.645664 - Machine 2: Sent message to 1, Clock: 116	Message Queue Length: 0
1740930870.9002109 - Machine 2: Received message from 1, Clock: 117	Message Queue Length: 0
1740930871.155242 - Machine 2: Sent message to 0, Clock: 118	Message Queue Length: 0
1740930871.4068549 - Machine 2: Internal event, Clock: 119	Message Queue Length: 0
1740930871.658609 - Machine 2: Internal event, Clock: 120	Message Queue Length: 0
1740930871.913285 - Machine 2: Received message from 1, Clock: 121	Message Queue Length: 0
1740930872.169184 - Machine 2: Sent message to 0, Clock: 122	Message Queue Length: 0
1740930872.422575 - Machine 2: Broadcasted message, Clock: 123	Message Queue Length: 0
1740930872.676969 - Machine 2: Internal event, Clock: 124	Message Queue Length: 0
1740930872.930667 - Machine 2: Internal event, Clock: 125	Message Queue Length: 0
1740930873.185781 - Machine 2: Internal event, Clock: 126	Message Queue Length: 0
1740930873.440232 - Machine 2: Internal event, Clock: 127	Message Queue Length: 0
1740930873.691533 - Machine 2: Internal event, Clock: 128	Message Queue Length: 0
1740930873.949995 - Machine 2: Internal event, Clock: 129	Message Queue Length: 0
1740930874.202063 - Machine 2: Internal event, Clock: 130	Message Queue Length: 0
1740930874.4568791 - Machine 2: Broadcasted message, Clock: 131	Message Queue Length: 0
1740930874.708729 - Machine 2: Internal event, Clock: 132	Message Queue Length: 0
1740930874.963361 - Machine 2: Broadcasted message, Clock: 133	Message Queue Length: 0
1740930875.218444 - Machine 2: Internal event, Clock: 134	Message Queue Length: 0
1740930875.468689 - Machine 2: Internal event, Clock: 135	Message Queue Length: 0
1740930875.7248352 - Machine 2: Broadcasted message, Clock: 136	Message Queue Length: 1
1740930875.979824 - Machine 2: Received message from 1, Clock: 137	Message Queue Length: 0
1740930876.234292 - Machine 2: Internal event, Clock: 138	Message Queue Length: 0
1740930876.489662 - Machine 2: Internal event, Clock: 139	Message Queue Length: 0
1740930876.742104 - Machine 2: Sent message to 1, Clock: 140	Message Queue Length: 0
1740930876.993773 - Machine 2: Internal event, Clock: 141	Message Queue Length: 0
1740930877.245089 - Machine 2: Internal event, Clock: 142	Message Queue Length: 0
1740930877.496317 - Machine 2: Internal event, Clock: 143	Message Queue Length: 0
1740930877.751636 - Machine 2: Broadcasted message, Clock: 144	Message Queue Length: 0
1740930878.004529 - Machine 2: Sent message to 1, Clock: 145	Message Queue Length: 0
1740930878.259681 - Machine 2: Internal event, Clock: 146	Message Queue Length: 0
1740930878.513133 - Machine 2: Received message from 1, Clock: 147	Message Queue Length: 0
1740930878.767352 - Machine 2: Internal event, Clock: 148	Message Queue Length: 0
1740930879.0224519 - Machine 2: Internal event, Clock: 149	Message Queue Length: 0
1740930879.274111 - Machine 2: Internal event, Clock: 150	Message Queue Length: 0
1740930879.529983 - Machine 2: Sent message to 0, Clock: 151	Message Queue Length: 0
1740930879.7812202 - Machine 2: Received message from 1, Clock: 152	Message Queue Length: 0
1740930880.034455 - Machine 2: Received message from 1, Clock: 153	Message Queue Length: 0
1740930880.286473 - Machine 2: Internal event, Clock: 154	Message Queue Length: 0
1740930880.5404649 - Machine 2: Internal event, Clock: 155	Message Queue Length: 0
1740930880.793947 - Machine 2: Sent message to 1, Clock: 156	Message Queue Length: 0
1740930881.0525398 - Machine 2: Sent message to 0, Clock: 157	Message Queue Length: 0
1740930881.30448 - Machine 2: Internal event, Clock: 158	Message Queue Length: 0
1740930881.560313 - Machine 2: Broadcasted message, Clock: 159	Message Queue Length: 0
1740930881.813621 - Machine 2: Internal event, Clock: 160	Message Queue Length: 0
1740930882.0677361 - Machine 2: Internal event, Clock: 161	Message Queue Length: 0
1740930882.320718 - Machine 2: Sent message to 0, Clock: 162	Message Queue Length: 0
1740930882.575833 - Machine 2: Internal event, Clock: 163	Message Queue Length: 0
1740930882.8286772 - Machine 2: Internal event, Clock: 164	Message Queue Length: 0
1740930883.080669 - Machine 2: Received message from 1, Clock: 165	Message Queue Length: 0
1740930883.3374999 - Machine 2: Received message from 1, Clock: 166	Message Queue Length: 0
1740930883.5924218 - Machine 2: Internal event, Clock: 167	Message Queue Length: 0
1740930883.844295 - Machine 2: Broadcasted message, Clock: 168	Message Queue Length: 0
1740930884.097001 - Machine 2: Sent message to 1, Clock: 169	Message Queue Length: 0
1740930884.348314 - Machine 2: Internal event, Clock: 170	Message Queue Length: 0
1740930884.5995982 - Machine 2: Internal event, Clock: 171	Message Queue Length: 0
1740930884.855466 - Machine 2: Sent message to 1, Clock: 172	Message Queue Length: 0
1740930885.111165 - Machine 2: Sent message to 1, Clock: 173	Message Queue Length: 0
1740930885.3648388 - Machine 2: Internal event, Clock: 174	Message Queue Length: 0
1740930885.619947 - Machine 2: Received message from 1, Clock: 175	Message Queue Length: 0
1740930885.8719769 - Machine 2: Internal event, Clock: 176	Message Queue Length: 0
1740930886.124338 - Machine 2: Internal event, Clock: 177	Message Queue Length: 0
1740930886.378339 - Machine 2: Internal event, Clock: 178	Message Queue Length: 0
1740930886.632145 - Machine 2: Sent message to 1, Clock: 179	Message Queue Length: 0
1740930886.882472 - Machine 2: Internal event, Clock: 180	Message Queue Length: 0
1740930887.1360068 - Machine 2: Internal event, Clock: 181	Message Queue Length: 0
1740930887.390281 - Machine 2: Internal event, Clock: 182	Message Queue Length: 0
1740930887.642733 - Machine 2: Broadcasted message, Clock: 183	Message Queue Length: 0
1740930887.895128 - Machine 2: Internal event, Clock: 184	Message Queue Length: 0
1740930888.1504378 - Machine 2: Internal event, Clock: 185	Message Queue Length: 0
1740930888.40166 - Machine 2: Internal event, Clock: 186	Message Queue Length: 0
1740930888.652491 - Machine 2: Internal event, Clock: 187	Message Queue Length: 0
1740930888.90769 - Machine 2: Internal event, Clock: 188	Message Queue Length: 0
1740930889.159999 - Machine 2: Internal event, Clock: 189	Message Queue Length: 0
1740930889.410936 - Machine 2: Received message from 1, Clock: 190	Message Queue Length: 0
1740930889.665751 - Machine 2: Internal event, Clock: 191	Message Queue Length: 0
1740930889.916435 - Machine 2: Received message from 1, Clock: 192	Message Queue Length: 0
1740930890.168551 - Machine 2: Received message from 1, Clock: 193	Message Queue Length: 0
1740930890.423697 - Machine 2: Received message from 1, Clock: 194	Message Queue Length: 0
1740930890.679651 - Machine 2: Sent message to 0, Clock: 195	Message Queue Length: 0
1740930890.9326 - Machine 2: Internal event, Clock: 196	Message Queue Length: 0
1740930891.187729 - Machine 2: Internal event, Clock: 197	Message Queue Length: 0
1740930891.4382348 - Machine 2: Received message from 1, Clock: 198	Message Queue Length: 0
1740930891.6931221 - Machine 2: Broadcasted message, Clock: 199	Message Queue Length: 0
1740930891.949078 - Machine 2: Sent message to 0, Clock: 200	Message Queue Length: 0
1740930892.204212 - Machine 2: Broadcasted message, Clock: 201	Message Queue Length: 0
1740930892.457588 - Machine 2: Broadcasted message, Clock: 202	Message Queue Length: 0
1740930892.713642 - Machine 2: Sent message to 0, Clock: 203	Message Queue Length: 0
1740930892.968281 - Machine 2: Internal event, Clock: 204	Message Queue Length: 0
1740930893.218646 - Machine 2: Internal event, Clock: 205	Message Queue Length: 0
1740930893.473804 - Machine 2: Internal event, Clock: 206	Message Queue Length: 0
1740930893.728978 - Machine 2: Internal event, Clock: 207	Message Queue Length: 0
1740930893.980736 - Machine 2: Sent message to 0, Clock: 208	Message Queue Length: 0
1740930894.235608 - Machine 2: Internal event, Clock: 209	Message Queue Length: 0
1740930894.4893792 - Machine 2: Sent message to 0, Clock: 210	Message Queue Length: 0
1740930894.740928 - Machine 2: Received message from 1, Clock: 211	Message Queue Length: 0
1740930894.993016 - Machine 2: Internal event, Clock: 212	Message Queue Length: 0
1740930895.247736 - Machine 2: Received message from 1, Clock: 213	Message Queue Length: 0
1740930895.5001228 - Machine 2: Broadcasted message, Clock: 214	Message Queue Length: 0
1740930895.7542248 - Machine 2: Internal event, Clock: 215	Message Queue Length: 0
1740930896.0081549 - Machine 2: Internal event, Clock: 216	Message Queue Length: 0
1740930896.2633338 - Machine 2: Received message from 1, Clock: 217	Message Queue Length: 0
1740930896.5196831 - Machine 2: Broadcasted message, Clock: 218	Message Queue Length: 0
1740930896.774921 - Machine 2: Internal event, Clock: 219	Message Queue Length: 0
1740930897.030006 - Machine 2: Internal event, Clock: 220	Message Queue Length: 0
1740930897.284671 - Machine 2: Internal event, Clock: 221	Message Queue Length: 0
1740930897.538833 - Machine 2: Internal event, Clock: 222	Message Queue Length: 0
1740930897.793559 - Machine 2: Received message from 1, Clock: 223	Message Queue Length: 0
1740930898.04532 - Machine 2: Internal event, Clock: 224	Message Queue Length: 0
1740930898.297344 - Machine 2: Internal event, Clock: 225	Message Queue Length: 0
1740930898.5498261 - Machine 2: Internal event, Clock: 226	Message Queue Length: 0
1740930898.8100212 - Machine 2: Sent message to 1, Clock: 227	Message Queue Length: 0
1740930899.060972 - Machine 2: Internal event, Clock: 228	Message Queue Length: 0
1740930899.3154671 - Machine 2: Internal event, Clock: 229	Message Queue Length: 0
1740930899.5674062 - Machine 2: Internal event, Clock: 230	Message Queue Length: 0
1740930899.830283 - Machine 2: Sent message to 0, Clock: 231	Message Queue Length: 0
1740930900.084429 - Machine 2: Sent message to 0, Clock: 232	Message Queue Length: 0
1740930900.3384588 - Machine 2: Sent message to 1, Clock: 233	Message Queue Length: 0
1740930900.5943198 - Machine 2: Broadcasted message, Clock: 234	Message Queue Length: 0
1740930900.847075 - Machine 2: Sent message to 0, Clock: 235	Message Queue Length: 0
1740930901.102989 - Machine 2: Internal event, Clock: 236	Message Queue Length: 0