1741208148.927857 - Machine 1: Started with clock speed 1	Message Queue Length: 0
1741208149.931348 - Machine 1: Internal event, Clock: 1	Message Queue Length: 0
1741208150.9324968 - Machine 1: Received message from 0, Clock: 4	Message Queue Length: 1
1741208151.937552 - Machine 1: Received message from 0, Clock: 5	Message Queue Length: 0
1741208152.9426408 - Machine 1: Internal event, Clock: 6	Message Queue Length: 0
1741208153.9478028 - Machine 1: Received message from 2, Clock: 9	Message Queue Length: 0
1741208154.949913 - Machine 1: Internal event, Clock: 10	Message Queue Length: 0
1741208155.956573 - Machine 1: Sent message to 2, Clock: 11	Message Queue Length: 0
1741208156.9580119 - Machine 1: Internal event, Clock: 12	Message Queue Length: 0
1741208157.962531 - Machine 1: Received message from 0, Clock: 24	Message Queue Length: 0
1741208158.967774 - Machine 1: Internal event, Clock: 25	Message Queue Length: 0
1741208159.972893 - Machine 1: Received message from 0, Clock: 32	Message Queue Length: 0
1741208160.9780748 - Machine 1: Internal event, Clock: 33	Message Queue Length: 0
1741208161.983226 - Machine 1: Received message from 2, Clock: 35	Message Queue Length: 0
1741208162.98466 - Machine 1: Received message from 2, Clock: 36	Message Queue Length: 1
1741208163.989826 - Machine 1: Received message from 0, Clock: 41	Message Queue Length: 0
1741208164.9950452 - Machine 1: Received message from 2, Clock: 44	Message Queue Length: 0
1741208165.995904 - Machine 1: Received message from 2, Clock: 45	Message Queue Length: 0
1741208167.00351 - Machine 1: Broadcasted message, Clock: 46	Message Queue Length: 0
1741208168.009237 - Machine 1: Sent message to 2, Clock: 47	Message Queue Length: 0
1741208169.011908 - Machine 1: Internal event, Clock: 48	Message Queue Length: 0
1741208170.0131788 - Machine 1: Received message from 2, Clock: 53	Message Queue Length: 0
1741208171.0190332 - Machine 1: Internal event, Clock: 54	Message Queue Length: 0
1741208172.022969 - Machine 1: Received message from 2, Clock: 65	Message Queue Length: 0
1741208173.027642 - Machine 1: Received message from 0, Clock: 69	Message Queue Length: 0
1741208174.0342982 - Machine 1: Broadcasted message, Clock: 70	Message Queue Length: 0
1741208175.039555 - Machine 1: Received message from 0, Clock: 76	Message Queue Length: 0
1741208176.0408692 - Machine 1: Internal event, Clock: 77	Message Queue Length: 0
1741208177.046083 - Machine 1: Received message from 0, Clock: 83	Message Queue Length: 0
1741208178.048085 - Machine 1: Internal event, Clock: 84	Message Queue Length: 0
1741208179.0531452 - Machine 1: Received message from 2, Clock: 86	Message Queue Length: 0
1741208180.0537238 - Machine 1: Received message from 2, Clock: 87	Message Queue Length: 1
1741208181.0588758 - Machine 1: Received message from 2, Clock: 88	Message Queue Length: 1
1741208182.063809 - Machine 1: Received message from 0, Clock: 94	Message Queue Length: 1
1741208183.06573 - Machine 1: Received message from 2, Clock: 95	Message Queue Length: 0
1741208184.070493 - Machine 1: Received message from 0, Clock: 102	Message Queue Length: 0
1741208185.0713868 - Machine 1: Received message from 0, Clock: 106	Message Queue Length: 0
1741208186.073995 - Machine 1: Received message from 0, Clock: 110	Message Queue Length: 0
1741208187.0791838 - Machine 1: Received message from 0, Clock: 111	Message Queue Length: 1
1741208188.0842812 - Machine 1: Received message from 0, Clock: 112	Message Queue Length: 0
1741208189.087083 - Machine 1: Received message from 0, Clock: 119	Message Queue Length: 0
1741208190.0890439 - Machine 1: Received message from 2, Clock: 120	Message Queue Length: 0
1741208191.0925949 - Machine 1: Internal event, Clock: 121	Message Queue Length: 0
1741208192.094816 - Machine 1: Received message from 0, Clock: 125	Message Queue Length: 1
1741208193.096025 - Machine 1: Received message from 0, Clock: 127	Message Queue Length: 0
1741208194.0972521 - Machine 1: Received message from 0, Clock: 132	Message Queue Length: 0
1741208195.1023319 - Machine 1: Received message from 0, Clock: 134	Message Queue Length: 1
1741208196.1061912 - Machine 1: Received message from 2, Clock: 135	Message Queue Length: 1
1741208197.1114728 - Machine 1: Received message from 0, Clock: 139	Message Queue Length: 1
1741208198.112075 - Machine 1: Received message from 0, Clock: 140	Message Queue Length: 1
1741208199.116703 - Machine 1: Received message from 2, Clock: 141	Message Queue Length: 2
1741208200.12054 - Machine 1: Received message from 2, Clock: 142	Message Queue Length: 2
1741208201.121963 - Machine 1: Received message from 0, Clock: 148	Message Queue Length: 3
1741208202.127121 - Machine 1: Received message from 0, Clock: 149	Message Queue Length: 4
1741208203.132225 - Machine 1: Received message from 0, Clock: 152	Message Queue Length: 4
1741208204.1343172 - Machine 1: Received message from 0, Clock: 154	Message Queue Length: 3
1741208205.1366558 - Machine 1: Received message from 0, Clock: 156	Message Queue Length: 3
1741208206.1417081 - Machine 1: Received message from 0, Clock: 157	Message Queue Length: 2
1741208207.143183 - Machine 1: Received message from 2, Clock: 158	Message Queue Length: 1
1741208208.145181 - Machine 1: Received message from 0, Clock: 164	Message Queue Length: 1
