1741208148.927747 - Machine 0: Started with clock speed 3	Message Queue Length: 0
1741208149.263438 - Machine 0: Internal event, Clock: 1	Message Queue Length: 0
1741208149.604934 - Machine 0: Sent message to 2, Clock: 2	Message Queue Length: 0
1741208149.942698 - Machine 0: Internal event, Clock: 3	Message Queue Length: 0
1741208150.2831979 - Machine 0: Broadcasted message, Clock: 4	Message Queue Length: 0
1741208150.6204531 - Machine 0: Broadcasted message, Clock: 5	Message Queue Length: 0
1741208150.9589279 - Machine 0: Internal event, Clock: 6	Message Queue Length: 0
1741208151.295648 - Machine 0: Internal event, Clock: 7	Message Queue Length: 0
1741208151.634169 - Machine 0: Internal event, Clock: 8	Message Queue Length: 0
1741208151.967742 - Machine 0: Received message from 2, Clock: 9	Message Queue Length: 0
1741208152.3062341 - Machine 0: Internal event, Clock: 10	Message Queue Length: 0
1741208152.644717 - Machine 0: Internal event, Clock: 11	Message Queue Length: 0
1741208152.9809742 - Machine 0: Received message from 2, Clock: 12	Message Queue Length: 0
1741208153.3194659 - Machine 0: Internal event, Clock: 13	Message Queue Length: 0
1741208153.658168 - Machine 0: Internal event, Clock: 14	Message Queue Length: 0
1741208153.995035 - Machine 0: Internal event, Clock: 15	Message Queue Length: 0
1741208154.333623 - Machine 0: Internal event, Clock: 16	Message Queue Length: 0
1741208154.668155 - Machine 0: Internal event, Clock: 17	Message Queue Length: 0
1741208155.00292 - Machine 0: Internal event, Clock: 18	Message Queue Length: 0
1741208155.341515 - Machine 0: Internal event, Clock: 19	Message Queue Length: 0
1741208155.6775548 - Machine 0: Sent message to 2, Clock: 20	Message Queue Length: 0
1741208156.016159 - Machine 0: Internal event, Clock: 21	Message Queue Length: 0
1741208156.354804 - Machine 0: Internal event, Clock: 22	Message Queue Length: 0
1741208156.6926441 - Machine 0: Internal event, Clock: 23	Message Queue Length: 0
1741208157.045891 - Machine 0: Broadcasted message, Clock: 24	Message Queue Length: 0
1741208157.38447 - Machine 0: Internal event, Clock: 25	Message Queue Length: 0
1741208157.719411 - Machine 0: Internal event, Clock: 26	Message Queue Length: 0
1741208158.0578592 - Machine 0: Internal event, Clock: 27	Message Queue Length: 0
1741208158.396353 - Machine 0: Internal event, Clock: 28	Message Queue Length: 0
1741208158.734894 - Machine 0: Internal event, Clock: 29	Message Queue Length: 0
1741208159.0734751 - Machine 0: Internal event, Clock: 30	Message Queue Length: 0
1741208159.4113128 - Machine 0: Internal event, Clock: 31	Message Queue Length: 0
1741208159.751467 - Machine 0: Broadcasted message, Clock: 32	Message Queue Length: 0
1741208160.089984 - Machine 0: Internal event, Clock: 33	Message Queue Length: 0
1741208160.424851 - Machine 0: Internal event, Clock: 34	Message Queue Length: 0
1741208160.759703 - Machine 0: Received message from 2, Clock: 35	Message Queue Length: 0
1741208161.093874 - Machine 0: Received message from 2, Clock: 36	Message Queue Length: 0
1741208161.432365 - Machine 0: Internal event, Clock: 37	Message Queue Length: 0
1741208161.770911 - Machine 0: Received message from 2, Clock: 38	Message Queue Length: 0
1741208162.108557 - Machine 0: Received message from 2, Clock: 39	Message Queue Length: 0
1741208162.4471529 - Machine 0: Internal event, Clock: 40	Message Queue Length: 0
1741208162.783863 - Machine 0: Broadcasted message, Clock: 41	Message Queue Length: 0
1741208163.122417 - Machine 0: Internal event, Clock: 42	Message Queue Length: 0
1741208163.460981 - Machine 0: Internal event, Clock: 43	Message Queue Length: 0
1741208163.795743 - Machine 0: Internal event, Clock: 44	Message Queue Length: 0
1741208164.132803 - Machine 0: Internal event, Clock: 45	Message Queue Length: 0
1741208164.467724 - Machine 0: Internal event, Clock: 46	Message Queue Length: 0
1741208164.8031402 - Machine 0: Received message from 2, Clock: 47	Message Queue Length: 0
1741208165.141567 - Machine 0: Received message from 2, Clock: 48	Message Queue Length: 0
1741208165.480126 - Machine 0: Internal event, Clock: 49	Message Queue Length: 0
1741208165.816394 - Machine 0: Internal event, Clock: 50	Message Queue Length: 0
1741208166.154913 - Machine 0: Internal event, Clock: 51	Message Queue Length: 0
1741208166.493404 - Machine 0: Internal event, Clock: 52	Message Queue Length: 0
1741208166.831212 - Machine 0: Internal event, Clock: 53	Message Queue Length: 0
1741208167.167574 - Machine 0: Received message from 1, Clock: 54	Message Queue Length: 0
1741208167.506064 - Machine 0: Internal event, Clock: 55	Message Queue Length: 0
1741208167.8395982 - Machine 0: Internal event, Clock: 56	Message Queue Length: 0
1741208168.178168 - Machine 0: Internal event, Clock: 57	Message Queue Length: 0
1741208168.5167842 - Machine 0: Internal event, Clock: 58	Message Queue Length: 0
1741208168.85198 - Machine 0: Received message from 2, Clock: 59	Message Queue Length: 0
1741208169.186924 - Machine 0: Internal event, Clock: 60	Message Queue Length: 0
1741208169.526376 - Machine 0: Sent message to 2, Clock: 61	Message Queue Length: 0
1741208169.8621619 - Machine 0: Internal event, Clock: 62	Message Queue Length: 0
1741208170.197238 - Machine 0: Internal event, Clock: 63	Message Queue Length: 0
1741208170.53109 - Machine 0: Internal event, Clock: 64	Message Queue Length: 0
1741208170.867342 - Machine 0: Internal event, Clock: 65	Message Queue Length: 0
1741208171.204252 - Machine 0: Received message from 2, Clock: 66	Message Queue Length: 0
1741208171.541544 - Machine 0: Internal event, Clock: 67	Message Queue Length: 0
1741208171.8801851 - Machine 0: Internal event, Clock: 68	Message Queue Length: 0
1741208172.2164211 - Machine 0: Sent message to 1, Clock: 69	Message Queue Length: 0
1741208172.551617 - Machine 0: Internal event, Clock: 70	Message Queue Length: 0
1741208172.8900821 - Machine 0: Internal event, Clock: 71	Message Queue Length: 0
1741208173.228618 - Machine 0: Internal event, Clock: 72	Message Queue Length: 0
1741208173.563429 - Machine 0: Internal event, Clock: 73	Message Queue Length: 0
1741208173.8995378 - Machine 0: Sent message to 2, Clock: 74	Message Queue Length: 0
1741208174.233548 - Machine 0: Received message from 1, Clock: 75	Message Queue Length: 0
1741208174.57268 - Machine 0: Broadcasted message, Clock: 76	Message Queue Length: 0
1741208174.9106061 - Machine 0: Internal event, Clock: 77	Message Queue Length: 0
1741208175.2448819 - Machine 0: Internal event, Clock: 78	Message Queue Length: 0
1741208175.5797062 - Machine 0: Sent message to 2, Clock: 79	Message Queue Length: 0
1741208175.918396 - Machine 0: Internal event, Clock: 80	Message Queue Length: 0
1741208176.25339 - Machine 0: Internal event, Clock: 81	Message Queue Length: 0
1741208176.5911272 - Machine 0: Sent message to 2, Clock: 82	Message Queue Length: 0
1741208176.930468 - Machine 0: Broadcasted message, Clock: 83	Message Queue Length: 0
1741208177.2654872 - Machine 0: Internal event, Clock: 84	Message Queue Length: 0
1741208177.6007922 - Machine 0: Internal event, Clock: 85	Message Queue Length: 0
1741208177.939462 - Machine 0: Received message from 2, Clock: 86	Message Queue Length: 0
1741208178.2743208 - Machine 0: Internal event, Clock: 87	Message Queue Length: 0
1741208178.611704 - Machine 0: Internal event, Clock: 88	Message Queue Length: 0
1741208178.946583 - Machine 0: Received message from 2, Clock: 89	Message Queue Length: 0
1741208179.2818718 - Machine 0: Internal event, Clock: 90	Message Queue Length: 0
1741208179.620391 - Machine 0: Internal event, Clock: 91	Message Queue Length: 0
1741208179.9590771 - Machine 0: Received message from 2, Clock: 92	Message Queue Length: 0
1741208180.2985442 - Machine 0: Internal event, Clock: 93	Message Queue Length: 0
1741208180.6395378 - Machine 0: Broadcasted message, Clock: 94	Message Queue Length: 0
1741208180.97526 - Machine 0: Internal event, Clock: 95	Message Queue Length: 0
1741208181.3137548 - Machine 0: Internal event, Clock: 96	Message Queue Length: 0
1741208181.648043 - Machine 0: Sent message to 2, Clock: 97	Message Queue Length: 0
1741208181.986631 - Machine 0: Internal event, Clock: 98	Message Queue Length: 0
1741208182.325635 - Machine 0: Internal event, Clock: 99	Message Queue Length: 0
1741208182.6618419 - Machine 0: Internal event, Clock: 100	Message Queue Length: 0
1741208182.995917 - Machine 0: Internal event, Clock: 101	Message Queue Length: 0
1741208183.331672 - Machine 0: Sent message to 1, Clock: 102	Message Queue Length: 0
1741208183.6702101 - Machine 0: Internal event, Clock: 103	Message Queue Length: 0
1741208184.0087721 - Machine 0: Internal event, Clock: 104	Message Queue Length: 0
1741208184.3459442 - Machine 0: Internal event, Clock: 105	Message Queue Length: 0
1741208184.6853561 - Machine 0: Sent message to 1, Clock: 106	Message Queue Length: 0
1741208185.024483 - Machine 0: Sent message to 2, Clock: 107	Message Queue Length: 0
1741208185.362565 - Machine 0: Internal event, Clock: 108	Message Queue Length: 0
1741208185.699098 - Machine 0: Internal event, Clock: 109	Message Queue Length: 0
1741208186.035042 - Machine 0: Sent message to 1, Clock: 110	Message Queue Length: 0
1741208186.371974 - Machine 0: Broadcasted message, Clock: 111	Message Queue Length: 0
1741208186.71136 - Machine 0: Sent message to 1, Clock: 112	Message Queue Length: 0
1741208187.045913 - Machine 0: Internal event, Clock: 113	Message Queue Length: 0
1741208187.379808 - Machine 0: Internal event, Clock: 114	Message Queue Length: 0
1741208187.7170088 - Machine 0: Internal event, Clock: 115	Message Queue Length: 0
1741208188.056397 - Machine 0: Sent message to 2, Clock: 116	Message Queue Length: 0
1741208188.395773 - Machine 0: Sent message to 2, Clock: 117	Message Queue Length: 0
1741208188.733966 - Machine 0: Internal event, Clock: 118	Message Queue Length: 0
1741208189.070196 - Machine 0: Sent message to 1, Clock: 119	Message Queue Length: 0
1741208189.408772 - Machine 0: Internal event, Clock: 120	Message Queue Length: 0
1741208189.746784 - Machine 0: Internal event, Clock: 121	Message Queue Length: 0
1741208190.083423 - Machine 0: Internal event, Clock: 122	Message Queue Length: 0
1741208190.4220731 - Machine 0: Internal event, Clock: 123	Message Queue Length: 0
1741208190.760749 - Machine 0: Internal event, Clock: 124	Message Queue Length: 0
1741208191.09988 - Machine 0: Broadcasted message, Clock: 125	Message Queue Length: 0
1741208191.4371881 - Machine 0: Internal event, Clock: 126	Message Queue Length: 0
1741208191.776705 - Machine 0: Broadcasted message, Clock: 127	Message Queue Length: 0
1741208192.1116061 - Machine 0: Internal event, Clock: 128	Message Queue Length: 0
1741208192.450454 - Machine 0: Internal event, Clock: 129	Message Queue Length: 0
1741208192.7854102 - Machine 0: Received message from 2, Clock: 130	Message Queue Length: 0
1741208193.125741 - Machine 0: Internal event, Clock: 131	Message Queue Length: 0
1741208193.464962 - Machine 0: Sent message to 1, Clock: 132	Message Queue Length: 0
1741208193.803492 - Machine 0: Internal event, Clock: 133	Message Queue Length: 0
1741208194.143003 - Machine 0: Sent message to 1, Clock: 134	Message Queue Length: 0
1741208194.4805849 - Machine 0: Received message from 2, Clock: 135	Message Queue Length: 0
1741208194.818603 - Machine 0: Internal event, Clock: 136	Message Queue Length: 0
1741208195.15216 - Machine 0: Internal event, Clock: 137	Message Queue Length: 0
1741208195.486445 - Machine 0: Internal event, Clock: 138	Message Queue Length: 0
1741208195.823065 - Machine 0: Sent message to 1, Clock: 139	Message Queue Length: 0
1741208196.1602392 - Machine 0: Sent message to 1, Clock: 140	Message Queue Length: 0
1741208196.494594 - Machine 0: Internal event, Clock: 141	Message Queue Length: 0
1741208196.830726 - Machine 0: Received message from 2, Clock: 142	Message Queue Length: 0
1741208197.169201 - Machine 0: Internal event, Clock: 143	Message Queue Length: 0
1741208197.503896 - Machine 0: Received message from 2, Clock: 144	Message Queue Length: 0
1741208197.839317 - Machine 0: Received message from 2, Clock: 145	Message Queue Length: 0
1741208198.1765618 - Machine 0: Internal event, Clock: 146	Message Queue Length: 0
1741208198.5150452 - Machine 0: Received message from 2, Clock: 147	Message Queue Length: 0
1741208198.855757 - Machine 0: Broadcasted message, Clock: 148	Message Queue Length: 0
1741208199.191951 - Machine 0: Sent message to 1, Clock: 149	Message Queue Length: 0
1741208199.5294201 - Machine 0: Internal event, Clock: 150	Message Queue Length: 0
1741208199.867568 - Machine 0: Internal event, Clock: 151	Message Queue Length: 0
1741208200.205642 - Machine 0: Broadcasted message, Clock: 152	Message Queue Length: 0
1741208200.53959 - Machine 0: Internal event, Clock: 153	Message Queue Length: 0
1741208200.879137 - Machine 0: Broadcasted message, Clock: 154	Message Queue Length: 0
1741208201.2146912 - Machine 0: Internal event, Clock: 155	Message Queue Length: 0
1741208201.550764 - Machine 0: Sent message to 1, Clock: 156	Message Queue Length: 0
1741208201.8859599 - Machine 0: Broadcasted message, Clock: 157	Message Queue Length: 0
1741208202.2226539 - Machine 0: Internal event, Clock: 158	Message Queue Length: 0
1741208202.556375 - Machine 0: Internal event, Clock: 159	Message Queue Length: 0
1741208202.894922 - Machine 0: Internal event, Clock: 160	Message Queue Length: 0
1741208203.2291179 - Machine 0: Internal event, Clock: 161	Message Queue Length: 0
1741208203.56273 - Machine 0: Internal event, Clock: 162	Message Queue Length: 0
1741208203.900828 - Machine 0: Internal event, Clock: 163	Message Queue Length: 0
1741208204.240843 - Machine 0: Broadcasted message, Clock: 164	Message Queue Length: 0
1741208204.576407 - Machine 0: Internal event, Clock: 165	Message Queue Length: 0
1741208204.912805 - Machine 0: Internal event, Clock: 166	Message Queue Length: 0
1741208205.2473211 - Machine 0: Internal event, Clock: 167	Message Queue Length: 0
1741208205.581441 - Machine 0: Internal event, Clock: 168	Message Queue Length: 0
1741208205.91965 - Machine 0: Internal event, Clock: 169	Message Queue Length: 0
1741208206.2557828 - Machine 0: Internal event, Clock: 170	Message Queue Length: 0
1741208206.5942342 - Machine 0: Internal event, Clock: 171	Message Queue Length: 0
1741208206.9293911 - Machine 0: Internal event, Clock: 172	Message Queue Length: 0
1741208207.267959 - Machine 0: Internal event, Clock: 173	Message Queue Length: 0
1741208207.606619 - Machine 0: Internal event, Clock: 174	Message Queue Length: 0
1741208207.942486 - Machine 0: Internal event, Clock: 175	Message Queue Length: 0
1741208208.279899 - Machine 0: Internal event, Clock: 176	Message Queue Length: 0
1741208208.618377 - Machine 0: Internal event, Clock: 177	Message Queue Length: 0
